<?xml version="1.0" encoding="UTF-8"?>
<!-- Generated by org.testng.reporters.JUnitReportReporter -->
<testsuite skipped="0" hostname="WINDOWS-4914NNN" name="qaclickacademy.RestAPITest" tests="2" failures="0" timestamp="12 Jul 2018 19:29:33 GMT" time="0.000" errors="0">
  <testcase name="postJIRA" time="0.000" classname="qaclickacademy.RestAPITest"/>
  <testcase name="DeleteTwitter" time="0.000" classname="qaclickacademy.RestAPITest"/>
</testsuite> <!-- qaclickacademy.RestAPITest -->
